TN:
SF:src\config\index.js
FN:20,loadConfig
FNF:1
FNH:1
FNDA:2,loadConfig
DA:4,2
DA:21,2
DA:22,2
DA:24,0
DA:25,0
DA:27,0
DA:31,2
LF:7
LH:4
BRDA:24,0,0,0
BRDA:24,0,1,0
BRF:2
BRH:0
end_of_record
TN:
SF:src\config\prisma.js
FNF:0
FNH:0
DA:6,0
DA:7,0
DA:8,0
DA:10,0
LF:4
LH:0
BRF:0
BRH:0
end_of_record
TN:
SF:src\config\swagger.js
FNF:0
FNH:0
DA:3,0
LF:1
LH:0
BRF:0
BRH:0
end_of_record
TN:
SF:src\middleware\auth.js
FN:5,authenticate
FN:56,authorize
FN:57,(anonymous_2)
FN:73,optionalAuth
FNF:4
FNH:0
FNDA:0,authenticate
FNDA:0,authorize
FNDA:0,(anonymous_2)
FNDA:0,optionalAuth
DA:6,0
DA:8,0
DA:9,0
DA:12,0
DA:14,0
DA:15,0
DA:18,0
DA:31,0
DA:32,0
DA:35,0
DA:36,0
DA:40,0
DA:41,0
DA:42,0
DA:45,0
DA:46,0
DA:48,0
DA:49,0
DA:51,0
DA:57,0
DA:58,0
DA:59,0
DA:62,0
DA:63,0
DA:68,0
DA:74,0
DA:76,0
DA:77,0
DA:80,0
DA:82,0
DA:83,0
DA:86,0
DA:99,0
DA:100,0
DA:106,0
LF:35
LH:0
BRDA:8,0,0,0
BRDA:8,0,1,0
BRDA:8,1,0,0
BRDA:8,1,1,0
BRDA:31,2,0,0
BRDA:31,2,1,0
BRDA:35,3,0,0
BRDA:35,3,1,0
BRDA:41,4,0,0
BRDA:41,4,1,0
BRDA:48,5,0,0
BRDA:48,5,1,0
BRDA:58,6,0,0
BRDA:58,6,1,0
BRDA:62,7,0,0
BRDA:62,7,1,0
BRDA:76,8,0,0
BRDA:76,8,1,0
BRDA:76,9,0,0
BRDA:76,9,1,0
BRDA:99,10,0,0
BRDA:99,10,1,0
BRDA:99,11,0,0
BRDA:99,11,1,0
BRF:24
BRH:0
end_of_record
TN:
SF:src\middleware\rateLimit.js
FN:4,(anonymous_0)
FN:19,(anonymous_1)
FNF:2
FNH:0
FNDA:0,(anonymous_0)
FNDA:0,(anonymous_1)
DA:4,0
DA:11,0
DA:13,0
DA:20,0
DA:30,0
DA:36,0
LF:6
LH:0
BRDA:4,0,0,0
BRDA:6,1,0,0
BRDA:7,2,0,0
BRDA:8,3,0,0
BRDA:9,4,0,0
BRDA:10,5,0,0
BRF:6
BRH:0
end_of_record
TN:
SF:src\routes\audit-logs.js
FN:80,(anonymous_0)
FN:87,(anonymous_1)
FN:120,(anonymous_2)
FN:126,(anonymous_3)
FN:127,(anonymous_4)
FN:148,(anonymous_5)
FNF:6
FNH:0
FNDA:0,(anonymous_0)
FNDA:0,(anonymous_1)
FNDA:0,(anonymous_2)
FNDA:0,(anonymous_3)
FNDA:0,(anonymous_4)
FNDA:0,(anonymous_5)
DA:6,0
DA:80,0
DA:81,0
DA:83,0
DA:84,0
DA:85,0
DA:87,0
DA:94,0
DA:95,0
DA:98,0
DA:101,0
DA:102,0
DA:115,0
DA:116,0
DA:120,0
DA:121,0
DA:126,0
DA:127,0
DA:129,0
DA:130,0
DA:136,0
DA:139,0
DA:144,0
DA:148,0
DA:156,0
DA:157,0
DA:160,0
DA:161,0
DA:164,0
DA:165,0
DA:168,0
DA:169,0
DA:174,0
DA:175,0
DA:182,0
DA:185,0
DA:204,0
DA:205,0
DA:206,0
DA:208,0
DA:220,0
LF:41
LH:0
BRDA:84,0,0,0
BRDA:84,0,1,0
BRDA:101,1,0,0
BRDA:101,1,1,0
BRDA:115,2,0,0
BRDA:115,2,1,0
BRDA:129,3,0,0
BRDA:129,3,1,0
BRDA:156,4,0,0
BRDA:156,4,1,0
BRDA:160,5,0,0
BRDA:160,5,1,0
BRDA:164,6,0,0
BRDA:164,6,1,0
BRDA:168,7,0,0
BRDA:168,7,1,0
BRDA:174,8,0,0
BRDA:174,8,1,0
BRF:18
BRH:0
end_of_record
TN:
SF:src\routes\auth.js
FN:11,cleanupExpiredTokens
FN:77,(anonymous_1)
FN:85,(anonymous_2)
FN:102,(anonymous_3)
FN:162,(anonymous_4)
FN:169,(anonymous_5)
FN:180,(anonymous_6)
FN:267,(anonymous_7)
FN:274,(anonymous_8)
FN:283,(anonymous_9)
FN:342,(anonymous_10)
FNF:11
FNH:11
FNDA:1,cleanupExpiredTokens
FNDA:7,(anonymous_1)
FNDA:4,(anonymous_2)
FNDA:2,(anonymous_3)
FNDA:19,(anonymous_4)
FNDA:13,(anonymous_5)
FNDA:7,(anonymous_6)
FNDA:7,(anonymous_7)
FNDA:2,(anonymous_8)
FNDA:5,(anonymous_9)
FNDA:2,(anonymous_10)
DA:9,1
DA:12,1
DA:13,1
DA:17,0
DA:22,1
DA:25,1
DA:26,1
DA:77,1
DA:78,7
DA:79,7
DA:81,7
DA:82,7
DA:83,3
DA:85,4
DA:92,4
DA:94,4
DA:95,3
DA:96,1
DA:99,2
DA:102,2
DA:103,2
DA:107,2
DA:108,2
DA:109,2
DA:112,2
DA:115,2
DA:116,2
DA:118,1
DA:119,1
DA:162,1
DA:163,19
DA:165,19
DA:166,19
DA:167,12
DA:169,13
DA:176,7
DA:177,7
DA:180,7
DA:181,7
DA:182,6
DA:183,1
DA:184,1
DA:187,5
DA:188,5
DA:189,1
DA:190,1
DA:193,4
DA:194,1
DA:195,1
DA:198,3
DA:200,3
DA:201,3
DA:202,3
DA:204,3
DA:208,3
DA:211,3
DA:212,3
DA:223,4
DA:224,3
DA:226,1
DA:227,1
DA:267,1
DA:268,7
DA:270,7
DA:271,7
DA:272,2
DA:274,2
DA:281,5
DA:283,5
DA:284,5
DA:289,5
DA:290,1
DA:293,4
DA:294,1
DA:295,1
DA:298,3
DA:299,1
DA:300,1
DA:303,2
DA:308,2
DA:309,2
DA:311,2
DA:312,2
DA:316,2
DA:319,2
DA:325,3
DA:326,3
DA:342,1
DA:343,2
DA:344,2
DA:346,2
DA:348,2
DA:350,1
DA:351,1
DA:353,1
DA:354,1
LF:96
LH:95
BRDA:82,0,0,3
BRDA:82,0,1,4
BRDA:95,1,0,1
BRDA:95,1,1,2
BRDA:166,2,0,12
BRDA:166,2,1,7
BRDA:182,3,0,1
BRDA:182,3,1,5
BRDA:188,4,0,1
BRDA:188,4,1,4
BRDA:193,5,0,1
BRDA:193,5,1,3
BRDA:223,6,0,3
BRDA:223,6,1,1
BRDA:271,7,0,2
BRDA:271,7,1,5
BRDA:289,8,0,1
BRDA:289,8,1,4
BRDA:293,9,0,1
BRDA:293,9,1,3
BRDA:298,10,0,1
BRDA:298,10,1,2
BRF:22
BRH:22
end_of_record
TN:
SF:src\routes\comments.js
FN:9,checkTaskAccess
FN:30,(anonymous_1)
FN:37,(anonymous_2)
FN:97,(anonymous_3)
FNF:4
FNH:0
FNDA:0,checkTaskAccess
FNDA:0,(anonymous_1)
FNDA:0,(anonymous_2)
FNDA:0,(anonymous_3)
DA:6,0
DA:10,0
DA:26,0
DA:30,0
DA:31,0
DA:33,0
DA:34,0
DA:35,0
DA:37,0
DA:44,0
DA:45,0
DA:48,0
DA:49,0
DA:50,0
DA:54,0
DA:59,0
DA:60,0
DA:64,0
DA:87,0
DA:89,0
DA:97,0
DA:98,0
DA:99,0
DA:100,0
DA:101,0
DA:103,0
DA:104,0
DA:108,0
DA:122,0
DA:123,0
DA:127,0
DA:128,0
DA:129,0
DA:133,0
DA:135,0
DA:137,0
DA:151,0
DA:152,0
DA:157,0
DA:161,0
DA:163,0
LF:41
LH:0
BRDA:34,0,0,0
BRDA:34,0,1,0
BRDA:49,1,0,0
BRDA:49,1,1,0
BRDA:59,2,0,0
BRDA:59,2,1,0
BRDA:103,3,0,0
BRDA:103,3,1,0
BRDA:122,4,0,0
BRDA:122,4,1,0
BRDA:128,5,0,0
BRDA:128,5,1,0
BRDA:135,6,0,0
BRDA:135,6,1,0
BRDA:151,7,0,0
BRDA:151,7,1,0
BRF:16
BRH:0
end_of_record
TN:
SF:src\routes\organizations.js
FN:17,generateInviteToken
FN:52,(anonymous_1)
FN:59,(anonymous_2)
FN:77,(anonymous_3)
FN:115,(anonymous_4)
FN:136,(anonymous_5)
FN:188,(anonymous_6)
FN:197,(anonymous_7)
FN:346,(anonymous_8)
FN:369,(anonymous_9)
FN:409,(anonymous_10)
FNF:11
FNH:11
FNDA:1,generateInviteToken
FNDA:7,(anonymous_1)
FNDA:4,(anonymous_2)
FNDA:1,(anonymous_3)
FNDA:3,(anonymous_4)
FNDA:2,(anonymous_5)
FNDA:13,(anonymous_6)
FNDA:8,(anonymous_7)
FNDA:9,(anonymous_8)
FNDA:2,(anonymous_9)
FNDA:7,(anonymous_10)
DA:7,1
DA:18,1
DA:52,1
DA:53,7
DA:55,7
DA:56,7
DA:57,4
DA:59,4
DA:66,3
DA:67,3
DA:69,3
DA:73,2
DA:74,0
DA:77,2
DA:78,1
DA:79,1
DA:82,1
DA:85,1
DA:93,2
DA:115,1
DA:116,3
DA:117,3
DA:119,3
DA:136,2
DA:144,2
DA:146,1
DA:188,1
DA:189,13
DA:190,13
DA:193,13
DA:194,13
DA:195,8
DA:197,8
DA:204,5
DA:205,5
DA:207,5
DA:208,5
DA:209,0
DA:213,5
DA:217,5
DA:218,2
DA:222,3
DA:226,2
DA:227,1
DA:231,1
DA:235,1
DA:236,0
DA:240,1
DA:247,1
DA:248,0
DA:252,1
DA:260,1
DA:261,0
DA:265,1
DA:269,1
DA:270,0
DA:274,1
DA:275,1
DA:276,1
DA:279,1
DA:302,1
DA:316,1
DA:346,1
DA:347,9
DA:348,9
DA:350,9
DA:351,1
DA:354,8
DA:356,7
DA:357,4
DA:360,3
DA:365,3
DA:366,1
DA:369,2
DA:370,2
DA:377,2
DA:378,2
DA:381,2
DA:383,1
DA:409,1
DA:410,7
DA:411,7
DA:412,7
DA:414,7
DA:415,7
DA:416,1
DA:420,6
DA:421,5
DA:422,1
DA:426,4
DA:430,4
DA:431,2
DA:434,2
DA:442,2
DA:444,1
LF:95
LH:89
BRDA:56,0,0,4
BRDA:56,0,1,3
BRDA:73,1,0,0
BRDA:73,1,1,2
BRDA:194,2,0,8
BRDA:194,2,1,5
BRDA:204,3,0,4
BRDA:208,4,0,0
BRDA:208,4,1,5
BRDA:217,5,0,2
BRDA:217,5,1,3
BRDA:226,6,0,1
BRDA:226,6,1,1
BRDA:235,7,0,0
BRDA:235,7,1,1
BRDA:247,8,0,0
BRDA:247,8,1,1
BRDA:260,9,0,0
BRDA:260,9,1,1
BRDA:269,10,0,0
BRDA:269,10,1,1
BRDA:350,11,0,1
BRDA:350,11,1,8
BRDA:356,12,0,4
BRDA:356,12,1,3
BRDA:356,13,0,7
BRDA:356,13,1,6
BRDA:356,13,2,4
BRDA:365,14,0,1
BRDA:365,14,1,2
BRDA:415,15,0,1
BRDA:415,15,1,6
BRDA:421,16,0,1
BRDA:421,16,1,4
BRDA:430,17,0,2
BRDA:430,17,1,2
BRF:36
BRH:30
end_of_record
TN:
SF:src\routes\projects.js
FN:16,checkOrganizationAccess
FN:62,(anonymous_1)
FN:69,(anonymous_2)
FN:156,(anonymous_3)
FN:163,(anonymous_4)
FN:191,(anonymous_5)
FN:269,(anonymous_6)
FN:368,(anonymous_7)
FN:383,(anonymous_8)
FN:453,(anonymous_9)
FNF:10
FNH:10
FNDA:9,checkOrganizationAccess
FNDA:11,(anonymous_1)
FNDA:8,(anonymous_2)
FNDA:12,(anonymous_3)
FNDA:5,(anonymous_4)
FNDA:1,(anonymous_5)
FNDA:6,(anonymous_6)
FNDA:7,(anonymous_7)
FNDA:1,(anonymous_8)
FNDA:6,(anonymous_9)
DA:6,1
DA:17,9
DA:24,9
DA:62,1
DA:63,11
DA:65,11
DA:66,11
DA:67,7
DA:69,8
DA:76,4
DA:77,4
DA:80,4
DA:81,4
DA:82,1
DA:86,3
DA:87,3
DA:88,1
DA:92,2
DA:108,1
DA:110,1
DA:156,1
DA:157,12
DA:159,12
DA:160,12
DA:161,5
DA:163,5
DA:170,7
DA:171,7
DA:174,7
DA:177,7
DA:178,2
DA:179,2
DA:180,0
DA:182,2
DA:185,5
DA:190,5
DA:191,1
DA:196,7
DA:199,7
DA:222,6
DA:223,6
DA:224,6
DA:226,6
DA:238,1
DA:269,1
DA:270,6
DA:271,6
DA:272,6
DA:273,6
DA:275,6
DA:276,1
DA:280,5
DA:311,4
DA:312,3
DA:316,1
DA:317,1
DA:318,0
DA:321,1
DA:323,1
DA:368,1
DA:369,7
DA:370,7
DA:371,7
DA:372,7
DA:374,7
DA:375,0
DA:379,7
DA:380,7
DA:381,1
DA:383,1
DA:391,6
DA:396,5
DA:397,3
DA:400,2
DA:401,2
DA:402,0
DA:406,2
DA:424,2
DA:426,1
DA:453,1
DA:454,6
DA:455,6
DA:456,6
DA:457,6
DA:459,6
DA:460,1
DA:464,5
DA:469,4
DA:470,3
DA:473,1
DA:474,1
DA:475,0
DA:479,1
DA:483,1
DA:485,1
LF:95
LH:90
BRDA:66,0,0,7
BRDA:66,0,1,4
BRDA:81,1,0,1
BRDA:81,1,1,3
BRDA:87,2,0,1
BRDA:87,2,1,2
BRDA:160,3,0,5
BRDA:160,3,1,7
BRDA:177,4,0,2
BRDA:177,4,1,5
BRDA:179,5,0,0
BRDA:179,5,1,2
BRDA:275,6,0,1
BRDA:275,6,1,5
BRDA:311,7,0,3
BRDA:311,7,1,1
BRDA:317,8,0,0
BRDA:317,8,1,1
BRDA:374,9,0,0
BRDA:374,9,1,7
BRDA:380,10,0,1
BRDA:380,10,1,6
BRDA:396,11,0,3
BRDA:396,11,1,2
BRDA:401,12,0,0
BRDA:401,12,1,2
BRDA:459,13,0,1
BRDA:459,13,1,5
BRDA:469,14,0,3
BRDA:469,14,1,1
BRDA:474,15,0,0
BRDA:474,15,1,1
BRF:32
BRH:27
end_of_record
TN:
SF:src\routes\tags.js
FN:9,checkTaskAccess
FN:30,checkOrganizationAccess
FN:47,(anonymous_2)
FN:54,(anonymous_3)
FN:97,(anonymous_4)
FN:104,(anonymous_5)
FN:167,(anonymous_6)
FN:182,(anonymous_7)
FN:264,(anonymous_8)
FNF:9
FNH:0
FNDA:0,checkTaskAccess
FNDA:0,checkOrganizationAccess
FNDA:0,(anonymous_2)
FNDA:0,(anonymous_3)
FNDA:0,(anonymous_4)
FNDA:0,(anonymous_5)
FNDA:0,(anonymous_6)
FNDA:0,(anonymous_7)
FNDA:0,(anonymous_8)
DA:6,0
DA:10,0
DA:26,0
DA:31,0
DA:43,0
DA:47,0
DA:48,0
DA:50,0
DA:51,0
DA:52,0
DA:54,0
DA:61,0
DA:62,0
DA:65,0
DA:69,0
DA:70,0
DA:77,0
DA:80,0
DA:87,0
DA:89,0
DA:97,0
DA:98,0
DA:100,0
DA:101,0
DA:102,0
DA:104,0
DA:111,0
DA:114,0
DA:115,0
DA:116,0
DA:123,0
DA:126,0
DA:143,0
DA:144,0
DA:145,0
DA:147,0
DA:159,0
DA:167,0
DA:168,0
DA:169,0
DA:170,0
DA:171,0
DA:173,0
DA:174,0
DA:178,0
DA:179,0
DA:180,0
DA:182,0
DA:189,0
DA:192,0
DA:193,0
DA:194,0
DA:198,0
DA:203,0
DA:204,0
DA:208,0
DA:213,0
DA:214,0
DA:218,0
DA:227,0
DA:228,0
DA:235,0
DA:251,0
DA:256,0
DA:264,0
DA:265,0
DA:266,0
DA:267,0
DA:268,0
DA:269,0
DA:271,0
DA:272,0
DA:276,0
DA:277,0
DA:278,0
DA:282,0
DA:299,0
DA:300,0
DA:304,0
DA:313,0
DA:318,0
LF:81
LH:0
BRDA:51,0,0,0
BRDA:51,0,1,0
BRDA:69,1,0,0
BRDA:69,1,1,0
BRDA:77,2,0,0
BRDA:77,2,1,0
BRDA:101,3,0,0
BRDA:101,3,1,0
BRDA:115,4,0,0
BRDA:115,4,1,0
BRDA:173,5,0,0
BRDA:173,5,1,0
BRDA:179,6,0,0
BRDA:179,6,1,0
BRDA:193,7,0,0
BRDA:193,7,1,0
BRDA:203,8,0,0
BRDA:203,8,1,0
BRDA:213,9,0,0
BRDA:213,9,1,0
BRDA:227,10,0,0
BRDA:227,10,1,0
BRDA:271,11,0,0
BRDA:271,11,1,0
BRDA:271,12,0,0
BRDA:271,12,1,0
BRDA:277,13,0,0
BRDA:277,13,1,0
BRDA:299,14,0,0
BRDA:299,14,1,0
BRF:30
BRH:0
end_of_record
TN:
SF:src\routes\tasks.js
FN:9,checkProjectAccess
FN:30,getDueDateFilter
FN:53,(anonymous_2)
FN:60,(anonymous_3)
FN:112,(anonymous_4)
FN:119,(anonymous_5)
FN:155,(anonymous_6)
FN:235,(anonymous_7)
FN:304,(anonymous_8)
FN:319,(anonymous_9)
FN:380,(anonymous_10)
FN:395,(anonymous_11)
FN:469,(anonymous_12)
FNF:13
FNH:0
FNDA:0,checkProjectAccess
FNDA:0,getDueDateFilter
FNDA:0,(anonymous_2)
FNDA:0,(anonymous_3)
FNDA:0,(anonymous_4)
FNDA:0,(anonymous_5)
FNDA:0,(anonymous_6)
FNDA:0,(anonymous_7)
FNDA:0,(anonymous_8)
FNDA:0,(anonymous_9)
FNDA:0,(anonymous_10)
FNDA:0,(anonymous_11)
FNDA:0,(anonymous_12)
DA:6,0
DA:10,0
DA:26,0
DA:31,0
DA:32,0
DA:33,0
DA:34,0
DA:35,0
DA:36,0
DA:38,0
DA:40,0
DA:42,0
DA:44,0
DA:46,0
DA:48,0
DA:53,0
DA:54,0
DA:56,0
DA:57,0
DA:58,0
DA:60,0
DA:67,0
DA:68,0
DA:71,0
DA:72,0
DA:73,0
DA:77,0
DA:102,0
DA:104,0
DA:112,0
DA:113,0
DA:115,0
DA:116,0
DA:117,0
DA:119,0
DA:126,0
DA:127,0
DA:130,0
DA:133,0
DA:134,0
DA:135,0
DA:136,0
DA:138,0
DA:141,0
DA:154,0
DA:155,0
DA:160,0
DA:161,0
DA:164,0
DA:165,0
DA:168,0
DA:169,0
DA:170,0
DA:171,0
DA:176,0
DA:179,0
DA:211,0
DA:212,0
DA:213,0
DA:215,0
DA:227,0
DA:235,0
DA:236,0
DA:237,0
DA:238,0
DA:239,0
DA:241,0
DA:242,0
DA:246,0
DA:284,0
DA:285,0
DA:289,0
DA:290,0
DA:291,0
DA:294,0
DA:296,0
DA:304,0
DA:305,0
DA:306,0
DA:307,0
DA:308,0
DA:310,0
DA:311,0
DA:315,0
DA:316,0
DA:317,0
DA:319,0
DA:327,0
DA:332,0
DA:333,0
DA:336,0
DA:337,0
DA:338,0
DA:342,0
DA:370,0
DA:372,0
DA:380,0
DA:381,0
DA:382,0
DA:383,0
DA:384,0
DA:386,0
DA:387,0
DA:391,0
DA:392,0
DA:393,0
DA:395,0
DA:402,0
DA:405,0
DA:406,0
DA:413,0
DA:418,0
DA:419,0
DA:422,0
DA:423,0
DA:424,0
DA:428,0
DA:429,0
DA:436,0
DA:456,0
DA:461,0
DA:469,0
DA:470,0
DA:471,0
DA:472,0
DA:473,0
DA:475,0
DA:476,0
DA:480,0
DA:485,0
DA:486,0
DA:489,0
DA:490,0
DA:491,0
DA:495,0
DA:499,0
DA:501,0
LF:137
LH:0
BRDA:38,0,0,0
BRDA:38,0,1,0
BRDA:38,0,2,0
BRDA:38,0,3,0
BRDA:38,0,4,0
BRDA:57,1,0,0
BRDA:57,1,1,0
BRDA:72,2,0,0
BRDA:72,2,1,0
BRDA:83,3,0,0
BRDA:83,3,1,0
BRDA:116,4,0,0
BRDA:116,4,1,0
BRDA:133,5,0,0
BRDA:133,5,1,0
BRDA:135,6,0,0
BRDA:135,6,1,0
BRDA:160,7,0,0
BRDA:160,7,1,0
BRDA:164,8,0,0
BRDA:164,8,1,0
BRDA:168,9,0,0
BRDA:168,9,1,0
BRDA:170,10,0,0
BRDA:170,10,1,0
BRDA:241,11,0,0
BRDA:241,11,1,0
BRDA:284,12,0,0
BRDA:284,12,1,0
BRDA:290,13,0,0
BRDA:290,13,1,0
BRDA:310,14,0,0
BRDA:310,14,1,0
BRDA:316,15,0,0
BRDA:316,15,1,0
BRDA:332,16,0,0
BRDA:332,16,1,0
BRDA:337,17,0,0
BRDA:337,17,1,0
BRDA:346,18,0,0
BRDA:346,18,1,0
BRDA:386,19,0,0
BRDA:386,19,1,0
BRDA:392,20,0,0
BRDA:392,20,1,0
BRDA:405,21,0,0
BRDA:405,21,1,0
BRDA:418,22,0,0
BRDA:418,22,1,0
BRDA:423,23,0,0
BRDA:423,23,1,0
BRDA:428,24,0,0
BRDA:428,24,1,0
BRDA:475,25,0,0
BRDA:475,25,1,0
BRDA:485,26,0,0
BRDA:485,26,1,0
BRDA:490,27,0,0
BRDA:490,27,1,0
BRF:59
BRH:0
end_of_record
TN:
SF:src\routes\users.js
FN:42,(anonymous_0)
FN:132,(anonymous_1)
FN:152,(anonymous_2)
FNF:3
FNH:3
FNDA:6,(anonymous_0)
FNDA:29,(anonymous_1)
FNDA:12,(anonymous_2)
DA:7,1
DA:42,1
DA:43,6
DA:44,6
DA:45,6
DA:46,6
DA:48,6
DA:49,1
DA:53,5
DA:54,1
DA:57,4
DA:70,3
DA:71,1
DA:74,2
DA:76,1
DA:132,1
DA:133,29
DA:134,29
DA:135,29
DA:136,29
DA:138,29
DA:139,1
DA:143,28
DA:144,1
DA:148,27
DA:149,27
DA:150,12
DA:152,12
DA:159,15
DA:161,15
DA:162,1
DA:166,14
DA:167,13
DA:168,1
DA:172,12
DA:174,12
DA:176,2
DA:177,2
DA:178,1
DA:180,1
DA:183,11
DA:185,11
DA:186,2
DA:190,11
DA:191,3
DA:192,3
DA:195,11
DA:209,11
DA:211,1
LF:49
LH:49
BRDA:48,0,0,1
BRDA:48,0,1,5
BRDA:53,1,0,1
BRDA:53,1,1,4
BRDA:53,2,0,5
BRDA:53,2,1,4
BRDA:70,3,0,1
BRDA:70,3,1,2
BRDA:138,4,0,1
BRDA:138,4,1,28
BRDA:143,5,0,1
BRDA:143,5,1,27
BRDA:143,6,0,28
BRDA:143,6,1,23
BRDA:149,7,0,12
BRDA:149,7,1,15
BRDA:161,8,0,1
BRDA:161,8,1,14
BRDA:161,9,0,15
BRDA:161,9,1,13
BRDA:161,9,2,10
BRDA:161,9,3,8
BRDA:161,9,4,5
BRDA:167,10,0,1
BRDA:167,10,1,12
BRDA:174,11,0,2
BRDA:174,11,1,10
BRDA:177,12,0,1
BRDA:177,12,1,1
BRDA:177,13,0,2
BRDA:177,13,1,2
BRDA:183,14,0,1
BRDA:183,14,1,10
BRDA:185,15,0,2
BRDA:185,15,1,9
BRDA:190,16,0,3
BRDA:190,16,1,8
BRDA:191,17,0,1
BRDA:191,17,1,2
BRDA:192,18,0,2
BRDA:192,18,1,1
BRF:41
BRH:41
end_of_record
TN:
SF:src\utils\logger.js
FN:18,(anonymous_0)
FN:22,(anonymous_1)
FN:34,(anonymous_2)
FN:43,(anonymous_3)
FN:52,(anonymous_4)
FN:61,(anonymous_5)
FN:80,(anonymous_6)
FN:84,(anonymous_7)
FN:88,(anonymous_8)
FN:97,(anonymous_9)
FN:100,(anonymous_10)
FN:109,(anonymous_11)
FN:117,(anonymous_12)
FNF:13
FNH:0
FNDA:0,(anonymous_0)
FNDA:0,(anonymous_1)
FNDA:0,(anonymous_2)
FNDA:0,(anonymous_3)
FNDA:0,(anonymous_4)
FNDA:0,(anonymous_5)
FNDA:0,(anonymous_6)
FNDA:0,(anonymous_7)
FNDA:0,(anonymous_8)
FNDA:0,(anonymous_9)
FNDA:0,(anonymous_10)
FNDA:0,(anonymous_11)
FNDA:0,(anonymous_12)
DA:5,0
DA:6,0
DA:7,0
DA:11,0
DA:12,0
DA:13,0
DA:14,0
DA:19,0
DA:23,0
DA:24,0
DA:31,0
DA:35,0
DA:36,0
DA:38,0
DA:39,0
DA:44,0
DA:45,0
DA:47,0
DA:48,0
DA:53,0
DA:54,0
DA:56,0
DA:57,0
DA:62,0
DA:72,0
DA:73,0
DA:75,0
DA:76,0
DA:81,0
DA:85,0
DA:89,0
DA:94,0
DA:97,0
DA:98,0
DA:100,0
DA:101,0
DA:102,0
DA:105,0
DA:109,0
DA:110,0
DA:111,0
DA:112,0
DA:113,0
DA:114,0
DA:117,0
DA:118,0
DA:119,0
DA:120,0
DA:121,0
DA:122,0
LF:50
LH:0
BRDA:6,0,0,0
BRDA:6,0,1,0
BRDA:22,1,0,0
BRDA:34,2,0,0
BRDA:38,3,0,0
BRDA:38,3,1,0
BRDA:43,4,0,0
BRDA:47,5,0,0
BRDA:47,5,1,0
BRDA:52,6,0,0
BRDA:56,7,0,0
BRDA:56,7,1,0
BRDA:65,8,0,0
BRDA:65,8,1,0
BRDA:75,9,0,0
BRDA:75,9,1,0
BRDA:80,10,0,0
BRDA:84,11,0,0
BRDA:88,12,0,0
BRF:19
BRH:0
end_of_record
TN:
SF:src\utils\password.js
FN:10,(anonymous_0)
FN:24,(anonymous_1)
FNF:2
FNH:2
FNDA:13,(anonymous_0)
FNDA:7,(anonymous_1)
DA:3,2
DA:10,2
DA:11,13
DA:12,0
DA:15,13
DA:24,2
DA:25,7
DA:26,0
DA:29,7
LF:9
LH:7
BRDA:11,0,0,0
BRDA:11,0,1,13
BRDA:11,1,0,13
BRDA:11,1,1,13
BRDA:25,2,0,0
BRDA:25,2,1,7
BRDA:25,3,0,7
BRDA:25,3,1,7
BRDA:25,3,2,7
BRDA:25,3,3,7
BRF:10
BRH:8
end_of_record
TN:
SF:src\utils\tokens.js
FN:12,(anonymous_0)
FN:29,(anonymous_1)
FN:37,(anonymous_2)
FN:49,(anonymous_3)
FNF:4
FNH:3
FNDA:4,(anonymous_0)
FNDA:9,(anonymous_1)
FNDA:10,(anonymous_2)
FNDA:0,(anonymous_3)
DA:5,2
DA:12,2
DA:13,4
DA:29,2
DA:30,9
DA:37,2
DA:39,10
DA:40,10
DA:49,2
DA:50,0
DA:51,0
DA:53,0
DA:54,0
DA:57,0
DA:59,0
DA:60,0
DA:61,0
DA:62,0
DA:64,0
LF:19
LH:9
BRDA:39,0,0,10
BRDA:39,0,1,0
BRDA:53,1,0,0
BRDA:53,1,1,0
BRDA:59,2,0,0
BRDA:59,2,1,0
BRDA:61,3,0,0
BRDA:61,3,1,0
BRF:8
BRH:1
end_of_record
TN:
SF:src\utils\validation.js
FNF:0
FNH:0
DA:4,6
DA:9,6
DA:15,6
DA:20,6
DA:25,6
DA:31,6
DA:37,6
DA:42,6
DA:49,6
DA:58,6
DA:66,6
DA:70,6
DA:80,6
DA:85,6
DA:90,6
DA:95,6
DA:101,6
DA:106,6
DA:115,6
LF:19
LH:19
BRF:0
BRH:0
end_of_record
