TN:
SF:src\config\index.js
FN:20,loadConfig
FNF:1
FNH:1
FNDA:2,loadConfig
DA:4,2
DA:21,2
DA:22,2
DA:24,0
DA:25,0
DA:27,0
DA:31,2
LF:7
LH:4
BRDA:24,0,0,0
BRDA:24,0,1,0
BRF:2
BRH:0
end_of_record
TN:
SF:src\config\prisma.js
FNF:0
FNH:0
DA:6,0
DA:7,0
DA:8,0
DA:10,0
LF:4
LH:0
BRF:0
BRH:0
end_of_record
TN:
SF:src\middleware\auth.js
FN:5,authenticate
FN:56,authorize
FN:57,(anonymous_2)
FN:73,optionalAuth
FNF:4
FNH:0
FNDA:0,authenticate
FNDA:0,authorize
FNDA:0,(anonymous_2)
FNDA:0,optionalAuth
DA:6,0
DA:8,0
DA:9,0
DA:12,0
DA:14,0
DA:15,0
DA:18,0
DA:31,0
DA:32,0
DA:35,0
DA:36,0
DA:40,0
DA:41,0
DA:42,0
DA:45,0
DA:46,0
DA:48,0
DA:49,0
DA:51,0
DA:57,0
DA:58,0
DA:59,0
DA:62,0
DA:63,0
DA:68,0
DA:74,0
DA:76,0
DA:77,0
DA:80,0
DA:82,0
DA:83,0
DA:86,0
DA:99,0
DA:100,0
DA:106,0
LF:35
LH:0
BRDA:8,0,0,0
BRDA:8,0,1,0
BRDA:8,1,0,0
BRDA:8,1,1,0
BRDA:31,2,0,0
BRDA:31,2,1,0
BRDA:35,3,0,0
BRDA:35,3,1,0
BRDA:41,4,0,0
BRDA:41,4,1,0
BRDA:48,5,0,0
BRDA:48,5,1,0
BRDA:58,6,0,0
BRDA:58,6,1,0
BRDA:62,7,0,0
BRDA:62,7,1,0
BRDA:76,8,0,0
BRDA:76,8,1,0
BRDA:76,9,0,0
BRDA:76,9,1,0
BRDA:99,10,0,0
BRDA:99,10,1,0
BRDA:99,11,0,0
BRDA:99,11,1,0
BRF:24
BRH:0
end_of_record
TN:
SF:src\middleware\rateLimit.js
FN:4,(anonymous_0)
FN:19,(anonymous_1)
FNF:2
FNH:0
FNDA:0,(anonymous_0)
FNDA:0,(anonymous_1)
DA:4,0
DA:11,0
DA:13,0
DA:20,0
DA:30,0
DA:36,0
LF:6
LH:0
BRDA:4,0,0,0
BRDA:6,1,0,0
BRDA:7,2,0,0
BRDA:8,3,0,0
BRDA:9,4,0,0
BRDA:10,5,0,0
BRF:6
BRH:0
end_of_record
TN:
SF:src\routes\audit-logs.js
FN:8,(anonymous_0)
FN:15,(anonymous_1)
FN:48,(anonymous_2)
FN:54,(anonymous_3)
FN:55,(anonymous_4)
FN:76,(anonymous_5)
FNF:6
FNH:0
FNDA:0,(anonymous_0)
FNDA:0,(anonymous_1)
FNDA:0,(anonymous_2)
FNDA:0,(anonymous_3)
FNDA:0,(anonymous_4)
FNDA:0,(anonymous_5)
DA:6,0
DA:8,0
DA:9,0
DA:11,0
DA:12,0
DA:13,0
DA:15,0
DA:22,0
DA:23,0
DA:26,0
DA:29,0
DA:30,0
DA:43,0
DA:44,0
DA:48,0
DA:49,0
DA:54,0
DA:55,0
DA:57,0
DA:58,0
DA:64,0
DA:67,0
DA:72,0
DA:76,0
DA:84,0
DA:85,0
DA:88,0
DA:89,0
DA:92,0
DA:93,0
DA:96,0
DA:97,0
DA:102,0
DA:103,0
DA:110,0
DA:113,0
DA:132,0
DA:133,0
DA:134,0
DA:136,0
DA:148,0
LF:41
LH:0
BRDA:12,0,0,0
BRDA:12,0,1,0
BRDA:29,1,0,0
BRDA:29,1,1,0
BRDA:43,2,0,0
BRDA:43,2,1,0
BRDA:57,3,0,0
BRDA:57,3,1,0
BRDA:84,4,0,0
BRDA:84,4,1,0
BRDA:88,5,0,0
BRDA:88,5,1,0
BRDA:92,6,0,0
BRDA:92,6,1,0
BRDA:96,7,0,0
BRDA:96,7,1,0
BRDA:102,8,0,0
BRDA:102,8,1,0
BRF:18
BRH:0
end_of_record
TN:
SF:src\routes\auth.js
FN:11,cleanupExpiredTokens
FN:29,(anonymous_1)
FN:37,(anonymous_2)
FN:54,(anonymous_3)
FN:75,(anonymous_4)
FN:82,(anonymous_5)
FN:93,(anonymous_6)
FN:145,(anonymous_7)
FN:152,(anonymous_8)
FN:161,(anonymous_9)
FN:209,(anonymous_10)
FNF:11
FNH:11
FNDA:1,cleanupExpiredTokens
FNDA:7,(anonymous_1)
FNDA:4,(anonymous_2)
FNDA:2,(anonymous_3)
FNDA:19,(anonymous_4)
FNDA:13,(anonymous_5)
FNDA:7,(anonymous_6)
FNDA:7,(anonymous_7)
FNDA:2,(anonymous_8)
FNDA:5,(anonymous_9)
FNDA:2,(anonymous_10)
DA:9,1
DA:12,1
DA:13,1
DA:17,0
DA:22,1
DA:25,1
DA:26,1
DA:29,1
DA:30,7
DA:31,7
DA:33,7
DA:34,7
DA:35,3
DA:37,4
DA:44,4
DA:46,4
DA:47,3
DA:48,1
DA:51,2
DA:54,2
DA:55,2
DA:59,2
DA:60,2
DA:61,2
DA:64,2
DA:67,2
DA:68,2
DA:70,1
DA:71,1
DA:75,1
DA:76,19
DA:78,19
DA:79,19
DA:80,12
DA:82,13
DA:89,7
DA:90,7
DA:93,7
DA:94,7
DA:95,6
DA:96,1
DA:97,1
DA:100,5
DA:101,5
DA:102,1
DA:103,1
DA:106,4
DA:107,1
DA:108,1
DA:111,3
DA:113,3
DA:114,3
DA:115,3
DA:117,3
DA:121,3
DA:124,3
DA:125,3
DA:136,4
DA:137,3
DA:139,1
DA:140,1
DA:145,1
DA:146,7
DA:148,7
DA:149,7
DA:150,2
DA:152,2
DA:159,5
DA:161,5
DA:162,5
DA:167,5
DA:168,1
DA:171,4
DA:172,1
DA:173,1
DA:176,3
DA:177,1
DA:178,1
DA:181,2
DA:186,2
DA:187,2
DA:189,2
DA:190,2
DA:194,2
DA:197,2
DA:203,3
DA:204,3
DA:209,1
DA:210,2
DA:211,2
DA:213,2
DA:215,2
DA:217,1
DA:218,1
DA:220,1
DA:221,1
LF:96
LH:95
BRDA:34,0,0,3
BRDA:34,0,1,4
BRDA:47,1,0,1
BRDA:47,1,1,2
BRDA:79,2,0,12
BRDA:79,2,1,7
BRDA:95,3,0,1
BRDA:95,3,1,5
BRDA:101,4,0,1
BRDA:101,4,1,4
BRDA:106,5,0,1
BRDA:106,5,1,3
BRDA:136,6,0,3
BRDA:136,6,1,1
BRDA:149,7,0,2
BRDA:149,7,1,5
BRDA:167,8,0,1
BRDA:167,8,1,4
BRDA:171,9,0,1
BRDA:171,9,1,3
BRDA:176,10,0,1
BRDA:176,10,1,2
BRF:22
BRH:22
end_of_record
TN:
SF:src\routes\comments.js
FN:9,checkTaskAccess
FN:30,(anonymous_1)
FN:37,(anonymous_2)
FN:97,(anonymous_3)
FNF:4
FNH:0
FNDA:0,checkTaskAccess
FNDA:0,(anonymous_1)
FNDA:0,(anonymous_2)
FNDA:0,(anonymous_3)
DA:6,0
DA:10,0
DA:26,0
DA:30,0
DA:31,0
DA:33,0
DA:34,0
DA:35,0
DA:37,0
DA:44,0
DA:45,0
DA:48,0
DA:49,0
DA:50,0
DA:54,0
DA:59,0
DA:60,0
DA:64,0
DA:87,0
DA:89,0
DA:97,0
DA:98,0
DA:99,0
DA:100,0
DA:101,0
DA:103,0
DA:104,0
DA:108,0
DA:122,0
DA:123,0
DA:127,0
DA:128,0
DA:129,0
DA:133,0
DA:135,0
DA:137,0
DA:151,0
DA:152,0
DA:157,0
DA:161,0
DA:163,0
LF:41
LH:0
BRDA:34,0,0,0
BRDA:34,0,1,0
BRDA:49,1,0,0
BRDA:49,1,1,0
BRDA:59,2,0,0
BRDA:59,2,1,0
BRDA:103,3,0,0
BRDA:103,3,1,0
BRDA:122,4,0,0
BRDA:122,4,1,0
BRDA:128,5,0,0
BRDA:128,5,1,0
BRDA:135,6,0,0
BRDA:135,6,1,0
BRDA:151,7,0,0
BRDA:151,7,1,0
BRF:16
BRH:0
end_of_record
TN:
SF:src\routes\organizations.js
FN:10,generateInviteToken
FN:15,(anonymous_1)
FN:22,(anonymous_2)
FN:40,(anonymous_3)
FN:61,(anonymous_4)
FN:82,(anonymous_5)
FN:97,(anonymous_6)
FN:106,(anonymous_7)
FN:230,(anonymous_8)
FN:253,(anonymous_9)
FN:272,(anonymous_10)
FNF:11
FNH:11
FNDA:1,generateInviteToken
FNDA:7,(anonymous_1)
FNDA:4,(anonymous_2)
FNDA:1,(anonymous_3)
FNDA:3,(anonymous_4)
FNDA:2,(anonymous_5)
FNDA:13,(anonymous_6)
FNDA:8,(anonymous_7)
FNDA:9,(anonymous_8)
FNDA:2,(anonymous_9)
FNDA:7,(anonymous_10)
DA:7,1
DA:11,1
DA:15,1
DA:16,7
DA:18,7
DA:19,7
DA:20,4
DA:22,4
DA:29,3
DA:30,3
DA:32,3
DA:36,2
DA:37,0
DA:40,2
DA:41,1
DA:42,1
DA:45,1
DA:48,1
DA:56,2
DA:61,1
DA:62,3
DA:63,3
DA:65,3
DA:82,2
DA:90,2
DA:92,1
DA:97,1
DA:98,13
DA:99,13
DA:102,13
DA:103,13
DA:104,8
DA:106,8
DA:113,5
DA:114,5
DA:116,5
DA:117,5
DA:118,0
DA:122,5
DA:126,5
DA:127,2
DA:131,3
DA:135,2
DA:136,1
DA:140,1
DA:144,1
DA:145,0
DA:149,1
DA:156,1
DA:157,0
DA:161,1
DA:169,1
DA:170,0
DA:174,1
DA:178,1
DA:179,0
DA:183,1
DA:184,1
DA:185,1
DA:188,1
DA:211,1
DA:225,1
DA:230,1
DA:231,9
DA:232,9
DA:234,9
DA:235,1
DA:238,8
DA:240,7
DA:241,4
DA:244,3
DA:249,3
DA:250,1
DA:253,2
DA:254,2
DA:261,2
DA:262,2
DA:265,2
DA:267,1
DA:272,1
DA:273,7
DA:274,7
DA:275,7
DA:277,7
DA:278,7
DA:279,1
DA:283,6
DA:284,5
DA:285,1
DA:289,4
DA:293,4
DA:294,2
DA:297,2
DA:305,2
DA:307,1
LF:95
LH:89
BRDA:19,0,0,4
BRDA:19,0,1,3
BRDA:36,1,0,0
BRDA:36,1,1,2
BRDA:103,2,0,8
BRDA:103,2,1,5
BRDA:113,3,0,4
BRDA:117,4,0,0
BRDA:117,4,1,5
BRDA:126,5,0,2
BRDA:126,5,1,3
BRDA:135,6,0,1
BRDA:135,6,1,1
BRDA:144,7,0,0
BRDA:144,7,1,1
BRDA:156,8,0,0
BRDA:156,8,1,1
BRDA:169,9,0,0
BRDA:169,9,1,1
BRDA:178,10,0,0
BRDA:178,10,1,1
BRDA:234,11,0,1
BRDA:234,11,1,8
BRDA:240,12,0,4
BRDA:240,12,1,3
BRDA:240,13,0,7
BRDA:240,13,1,6
BRDA:240,13,2,4
BRDA:249,14,0,1
BRDA:249,14,1,2
BRDA:278,15,0,1
BRDA:278,15,1,6
BRDA:284,16,0,1
BRDA:284,16,1,4
BRDA:293,17,0,2
BRDA:293,17,1,2
BRF:36
BRH:30
end_of_record
TN:
SF:src\routes\projects.js
FN:9,checkOrganizationAccess
FN:21,(anonymous_1)
FN:28,(anonymous_2)
FN:77,(anonymous_3)
FN:84,(anonymous_4)
FN:112,(anonymous_5)
FN:167,(anonymous_6)
FN:229,(anonymous_7)
FN:244,(anonymous_8)
FN:295,(anonymous_9)
FNF:10
FNH:10
FNDA:9,checkOrganizationAccess
FNDA:11,(anonymous_1)
FNDA:8,(anonymous_2)
FNDA:12,(anonymous_3)
FNDA:5,(anonymous_4)
FNDA:1,(anonymous_5)
FNDA:6,(anonymous_6)
FNDA:7,(anonymous_7)
FNDA:1,(anonymous_8)
FNDA:6,(anonymous_9)
DA:6,1
DA:10,9
DA:17,9
DA:21,1
DA:22,11
DA:24,11
DA:25,11
DA:26,7
DA:28,8
DA:35,4
DA:36,4
DA:39,4
DA:40,4
DA:41,1
DA:45,3
DA:46,3
DA:47,1
DA:51,2
DA:67,1
DA:69,1
DA:77,1
DA:78,12
DA:80,12
DA:81,12
DA:82,5
DA:84,5
DA:91,7
DA:92,7
DA:95,7
DA:98,7
DA:99,2
DA:100,2
DA:101,0
DA:103,2
DA:106,5
DA:111,5
DA:112,1
DA:117,7
DA:120,7
DA:143,6
DA:144,6
DA:145,6
DA:147,6
DA:159,1
DA:167,1
DA:168,6
DA:169,6
DA:170,6
DA:171,6
DA:173,6
DA:174,1
DA:178,5
DA:209,4
DA:210,3
DA:214,1
DA:215,1
DA:216,0
DA:219,1
DA:221,1
DA:229,1
DA:230,7
DA:231,7
DA:232,7
DA:233,7
DA:235,7
DA:236,0
DA:240,7
DA:241,7
DA:242,1
DA:244,1
DA:252,6
DA:257,5
DA:258,3
DA:261,2
DA:262,2
DA:263,0
DA:267,2
DA:285,2
DA:287,1
DA:295,1
DA:296,6
DA:297,6
DA:298,6
DA:299,6
DA:301,6
DA:302,1
DA:306,5
DA:311,4
DA:312,3
DA:315,1
DA:316,1
DA:317,0
DA:321,1
DA:325,1
DA:327,1
LF:95
LH:90
BRDA:25,0,0,7
BRDA:25,0,1,4
BRDA:40,1,0,1
BRDA:40,1,1,3
BRDA:46,2,0,1
BRDA:46,2,1,2
BRDA:81,3,0,5
BRDA:81,3,1,7
BRDA:98,4,0,2
BRDA:98,4,1,5
BRDA:100,5,0,0
BRDA:100,5,1,2
BRDA:173,6,0,1
BRDA:173,6,1,5
BRDA:209,7,0,3
BRDA:209,7,1,1
BRDA:215,8,0,0
BRDA:215,8,1,1
BRDA:235,9,0,0
BRDA:235,9,1,7
BRDA:241,10,0,1
BRDA:241,10,1,6
BRDA:257,11,0,3
BRDA:257,11,1,2
BRDA:262,12,0,0
BRDA:262,12,1,2
BRDA:301,13,0,1
BRDA:301,13,1,5
BRDA:311,14,0,3
BRDA:311,14,1,1
BRDA:316,15,0,0
BRDA:316,15,1,1
BRF:32
BRH:27
end_of_record
TN:
SF:src\routes\tags.js
FN:9,checkTaskAccess
FN:30,checkOrganizationAccess
FN:47,(anonymous_2)
FN:54,(anonymous_3)
FN:97,(anonymous_4)
FN:104,(anonymous_5)
FN:167,(anonymous_6)
FN:182,(anonymous_7)
FN:264,(anonymous_8)
FNF:9
FNH:0
FNDA:0,checkTaskAccess
FNDA:0,checkOrganizationAccess
FNDA:0,(anonymous_2)
FNDA:0,(anonymous_3)
FNDA:0,(anonymous_4)
FNDA:0,(anonymous_5)
FNDA:0,(anonymous_6)
FNDA:0,(anonymous_7)
FNDA:0,(anonymous_8)
DA:6,0
DA:10,0
DA:26,0
DA:31,0
DA:43,0
DA:47,0
DA:48,0
DA:50,0
DA:51,0
DA:52,0
DA:54,0
DA:61,0
DA:62,0
DA:65,0
DA:69,0
DA:70,0
DA:77,0
DA:80,0
DA:87,0
DA:89,0
DA:97,0
DA:98,0
DA:100,0
DA:101,0
DA:102,0
DA:104,0
DA:111,0
DA:114,0
DA:115,0
DA:116,0
DA:123,0
DA:126,0
DA:143,0
DA:144,0
DA:145,0
DA:147,0
DA:159,0
DA:167,0
DA:168,0
DA:169,0
DA:170,0
DA:171,0
DA:173,0
DA:174,0
DA:178,0
DA:179,0
DA:180,0
DA:182,0
DA:189,0
DA:192,0
DA:193,0
DA:194,0
DA:198,0
DA:203,0
DA:204,0
DA:208,0
DA:213,0
DA:214,0
DA:218,0
DA:227,0
DA:228,0
DA:235,0
DA:251,0
DA:256,0
DA:264,0
DA:265,0
DA:266,0
DA:267,0
DA:268,0
DA:269,0
DA:271,0
DA:272,0
DA:276,0
DA:277,0
DA:278,0
DA:282,0
DA:299,0
DA:300,0
DA:304,0
DA:313,0
DA:318,0
LF:81
LH:0
BRDA:51,0,0,0
BRDA:51,0,1,0
BRDA:69,1,0,0
BRDA:69,1,1,0
BRDA:77,2,0,0
BRDA:77,2,1,0
BRDA:101,3,0,0
BRDA:101,3,1,0
BRDA:115,4,0,0
BRDA:115,4,1,0
BRDA:173,5,0,0
BRDA:173,5,1,0
BRDA:179,6,0,0
BRDA:179,6,1,0
BRDA:193,7,0,0
BRDA:193,7,1,0
BRDA:203,8,0,0
BRDA:203,8,1,0
BRDA:213,9,0,0
BRDA:213,9,1,0
BRDA:227,10,0,0
BRDA:227,10,1,0
BRDA:271,11,0,0
BRDA:271,11,1,0
BRDA:271,12,0,0
BRDA:271,12,1,0
BRDA:277,13,0,0
BRDA:277,13,1,0
BRDA:299,14,0,0
BRDA:299,14,1,0
BRF:30
BRH:0
end_of_record
TN:
SF:src\routes\tasks.js
FN:9,checkProjectAccess
FN:30,getDueDateFilter
FN:53,(anonymous_2)
FN:60,(anonymous_3)
FN:112,(anonymous_4)
FN:119,(anonymous_5)
FN:155,(anonymous_6)
FN:235,(anonymous_7)
FN:304,(anonymous_8)
FN:319,(anonymous_9)
FN:380,(anonymous_10)
FN:395,(anonymous_11)
FN:469,(anonymous_12)
FNF:13
FNH:0
FNDA:0,checkProjectAccess
FNDA:0,getDueDateFilter
FNDA:0,(anonymous_2)
FNDA:0,(anonymous_3)
FNDA:0,(anonymous_4)
FNDA:0,(anonymous_5)
FNDA:0,(anonymous_6)
FNDA:0,(anonymous_7)
FNDA:0,(anonymous_8)
FNDA:0,(anonymous_9)
FNDA:0,(anonymous_10)
FNDA:0,(anonymous_11)
FNDA:0,(anonymous_12)
DA:6,0
DA:10,0
DA:26,0
DA:31,0
DA:32,0
DA:33,0
DA:34,0
DA:35,0
DA:36,0
DA:38,0
DA:40,0
DA:42,0
DA:44,0
DA:46,0
DA:48,0
DA:53,0
DA:54,0
DA:56,0
DA:57,0
DA:58,0
DA:60,0
DA:67,0
DA:68,0
DA:71,0
DA:72,0
DA:73,0
DA:77,0
DA:102,0
DA:104,0
DA:112,0
DA:113,0
DA:115,0
DA:116,0
DA:117,0
DA:119,0
DA:126,0
DA:127,0
DA:130,0
DA:133,0
DA:134,0
DA:135,0
DA:136,0
DA:138,0
DA:141,0
DA:154,0
DA:155,0
DA:160,0
DA:161,0
DA:164,0
DA:165,0
DA:168,0
DA:169,0
DA:170,0
DA:171,0
DA:176,0
DA:179,0
DA:211,0
DA:212,0
DA:213,0
DA:215,0
DA:227,0
DA:235,0
DA:236,0
DA:237,0
DA:238,0
DA:239,0
DA:241,0
DA:242,0
DA:246,0
DA:284,0
DA:285,0
DA:289,0
DA:290,0
DA:291,0
DA:294,0
DA:296,0
DA:304,0
DA:305,0
DA:306,0
DA:307,0
DA:308,0
DA:310,0
DA:311,0
DA:315,0
DA:316,0
DA:317,0
DA:319,0
DA:327,0
DA:332,0
DA:333,0
DA:336,0
DA:337,0
DA:338,0
DA:342,0
DA:370,0
DA:372,0
DA:380,0
DA:381,0
DA:382,0
DA:383,0
DA:384,0
DA:386,0
DA:387,0
DA:391,0
DA:392,0
DA:393,0
DA:395,0
DA:402,0
DA:405,0
DA:406,0
DA:413,0
DA:418,0
DA:419,0
DA:422,0
DA:423,0
DA:424,0
DA:428,0
DA:429,0
DA:436,0
DA:456,0
DA:461,0
DA:469,0
DA:470,0
DA:471,0
DA:472,0
DA:473,0
DA:475,0
DA:476,0
DA:480,0
DA:485,0
DA:486,0
DA:489,0
DA:490,0
DA:491,0
DA:495,0
DA:499,0
DA:501,0
LF:137
LH:0
BRDA:38,0,0,0
BRDA:38,0,1,0
BRDA:38,0,2,0
BRDA:38,0,3,0
BRDA:38,0,4,0
BRDA:57,1,0,0
BRDA:57,1,1,0
BRDA:72,2,0,0
BRDA:72,2,1,0
BRDA:83,3,0,0
BRDA:83,3,1,0
BRDA:116,4,0,0
BRDA:116,4,1,0
BRDA:133,5,0,0
BRDA:133,5,1,0
BRDA:135,6,0,0
BRDA:135,6,1,0
BRDA:160,7,0,0
BRDA:160,7,1,0
BRDA:164,8,0,0
BRDA:164,8,1,0
BRDA:168,9,0,0
BRDA:168,9,1,0
BRDA:170,10,0,0
BRDA:170,10,1,0
BRDA:241,11,0,0
BRDA:241,11,1,0
BRDA:284,12,0,0
BRDA:284,12,1,0
BRDA:290,13,0,0
BRDA:290,13,1,0
BRDA:310,14,0,0
BRDA:310,14,1,0
BRDA:316,15,0,0
BRDA:316,15,1,0
BRDA:332,16,0,0
BRDA:332,16,1,0
BRDA:337,17,0,0
BRDA:337,17,1,0
BRDA:346,18,0,0
BRDA:346,18,1,0
BRDA:386,19,0,0
BRDA:386,19,1,0
BRDA:392,20,0,0
BRDA:392,20,1,0
BRDA:405,21,0,0
BRDA:405,21,1,0
BRDA:418,22,0,0
BRDA:418,22,1,0
BRDA:423,23,0,0
BRDA:423,23,1,0
BRDA:428,24,0,0
BRDA:428,24,1,0
BRDA:475,25,0,0
BRDA:475,25,1,0
BRDA:485,26,0,0
BRDA:485,26,1,0
BRDA:490,27,0,0
BRDA:490,27,1,0
BRF:59
BRH:0
end_of_record
TN:
SF:src\routes\users.js
FN:10,(anonymous_0)
FN:49,(anonymous_1)
FN:69,(anonymous_2)
FNF:3
FNH:3
FNDA:6,(anonymous_0)
FNDA:29,(anonymous_1)
FNDA:12,(anonymous_2)
DA:7,1
DA:10,1
DA:11,6
DA:12,6
DA:13,6
DA:14,6
DA:16,6
DA:17,1
DA:21,5
DA:22,1
DA:25,4
DA:38,3
DA:39,1
DA:42,2
DA:44,1
DA:49,1
DA:50,29
DA:51,29
DA:52,29
DA:53,29
DA:55,29
DA:56,1
DA:60,28
DA:61,1
DA:65,27
DA:66,27
DA:67,12
DA:69,12
DA:76,15
DA:78,15
DA:79,1
DA:83,14
DA:84,13
DA:85,1
DA:89,12
DA:91,12
DA:93,2
DA:94,2
DA:95,1
DA:97,1
DA:100,11
DA:102,11
DA:103,2
DA:107,11
DA:108,3
DA:109,3
DA:112,11
DA:126,11
DA:128,1
LF:49
LH:49
BRDA:16,0,0,1
BRDA:16,0,1,5
BRDA:21,1,0,1
BRDA:21,1,1,4
BRDA:21,2,0,5
BRDA:21,2,1,4
BRDA:38,3,0,1
BRDA:38,3,1,2
BRDA:55,4,0,1
BRDA:55,4,1,28
BRDA:60,5,0,1
BRDA:60,5,1,27
BRDA:60,6,0,28
BRDA:60,6,1,23
BRDA:66,7,0,12
BRDA:66,7,1,15
BRDA:78,8,0,1
BRDA:78,8,1,14
BRDA:78,9,0,15
BRDA:78,9,1,13
BRDA:78,9,2,10
BRDA:78,9,3,8
BRDA:78,9,4,5
BRDA:84,10,0,1
BRDA:84,10,1,12
BRDA:91,11,0,2
BRDA:91,11,1,10
BRDA:94,12,0,1
BRDA:94,12,1,1
BRDA:94,13,0,2
BRDA:94,13,1,2
BRDA:100,14,0,1
BRDA:100,14,1,10
BRDA:102,15,0,2
BRDA:102,15,1,9
BRDA:107,16,0,3
BRDA:107,16,1,8
BRDA:108,17,0,1
BRDA:108,17,1,2
BRDA:109,18,0,2
BRDA:109,18,1,1
BRF:41
BRH:41
end_of_record
TN:
SF:src\utils\logger.js
FN:18,(anonymous_0)
FN:22,(anonymous_1)
FN:34,(anonymous_2)
FN:43,(anonymous_3)
FN:52,(anonymous_4)
FN:61,(anonymous_5)
FN:80,(anonymous_6)
FN:84,(anonymous_7)
FN:88,(anonymous_8)
FN:97,(anonymous_9)
FN:100,(anonymous_10)
FN:109,(anonymous_11)
FN:117,(anonymous_12)
FNF:13
FNH:0
FNDA:0,(anonymous_0)
FNDA:0,(anonymous_1)
FNDA:0,(anonymous_2)
FNDA:0,(anonymous_3)
FNDA:0,(anonymous_4)
FNDA:0,(anonymous_5)
FNDA:0,(anonymous_6)
FNDA:0,(anonymous_7)
FNDA:0,(anonymous_8)
FNDA:0,(anonymous_9)
FNDA:0,(anonymous_10)
FNDA:0,(anonymous_11)
FNDA:0,(anonymous_12)
DA:5,0
DA:6,0
DA:7,0
DA:11,0
DA:12,0
DA:13,0
DA:14,0
DA:19,0
DA:23,0
DA:24,0
DA:31,0
DA:35,0
DA:36,0
DA:38,0
DA:39,0
DA:44,0
DA:45,0
DA:47,0
DA:48,0
DA:53,0
DA:54,0
DA:56,0
DA:57,0
DA:62,0
DA:72,0
DA:73,0
DA:75,0
DA:76,0
DA:81,0
DA:85,0
DA:89,0
DA:94,0
DA:97,0
DA:98,0
DA:100,0
DA:101,0
DA:102,0
DA:105,0
DA:109,0
DA:110,0
DA:111,0
DA:112,0
DA:113,0
DA:114,0
DA:117,0
DA:118,0
DA:119,0
DA:120,0
DA:121,0
DA:122,0
LF:50
LH:0
BRDA:6,0,0,0
BRDA:6,0,1,0
BRDA:22,1,0,0
BRDA:34,2,0,0
BRDA:38,3,0,0
BRDA:38,3,1,0
BRDA:43,4,0,0
BRDA:47,5,0,0
BRDA:47,5,1,0
BRDA:52,6,0,0
BRDA:56,7,0,0
BRDA:56,7,1,0
BRDA:65,8,0,0
BRDA:65,8,1,0
BRDA:75,9,0,0
BRDA:75,9,1,0
BRDA:80,10,0,0
BRDA:84,11,0,0
BRDA:88,12,0,0
BRF:19
BRH:0
end_of_record
TN:
SF:src\utils\password.js
FN:10,(anonymous_0)
FN:24,(anonymous_1)
FNF:2
FNH:2
FNDA:13,(anonymous_0)
FNDA:7,(anonymous_1)
DA:3,2
DA:10,2
DA:11,13
DA:12,0
DA:15,13
DA:24,2
DA:25,7
DA:26,0
DA:29,7
LF:9
LH:7
BRDA:11,0,0,0
BRDA:11,0,1,13
BRDA:11,1,0,13
BRDA:11,1,1,13
BRDA:25,2,0,0
BRDA:25,2,1,7
BRDA:25,3,0,7
BRDA:25,3,1,7
BRDA:25,3,2,7
BRDA:25,3,3,7
BRF:10
BRH:8
end_of_record
TN:
SF:src\utils\tokens.js
FN:12,(anonymous_0)
FN:29,(anonymous_1)
FN:37,(anonymous_2)
FN:49,(anonymous_3)
FNF:4
FNH:3
FNDA:4,(anonymous_0)
FNDA:9,(anonymous_1)
FNDA:10,(anonymous_2)
FNDA:0,(anonymous_3)
DA:5,2
DA:12,2
DA:13,4
DA:29,2
DA:30,9
DA:37,2
DA:39,10
DA:40,10
DA:49,2
DA:50,0
DA:51,0
DA:53,0
DA:54,0
DA:57,0
DA:59,0
DA:60,0
DA:61,0
DA:62,0
DA:64,0
LF:19
LH:9
BRDA:39,0,0,10
BRDA:39,0,1,0
BRDA:53,1,0,0
BRDA:53,1,1,0
BRDA:59,2,0,0
BRDA:59,2,1,0
BRDA:61,3,0,0
BRDA:61,3,1,0
BRF:8
BRH:1
end_of_record
TN:
SF:src\utils\validation.js
FNF:0
FNH:0
DA:4,6
DA:9,6
DA:15,6
DA:20,6
DA:25,6
DA:31,6
DA:37,6
DA:42,6
DA:49,6
DA:58,6
DA:66,6
DA:70,6
DA:80,6
DA:85,6
DA:90,6
DA:95,6
DA:101,6
DA:106,6
DA:115,6
LF:19
LH:19
BRF:0
BRH:0
end_of_record
